;  LST file generated by mikroListExporter - v.2.0 
; Date/Time: 5/26/2024 8:14:52 PM
;----------------------------------------------

;Address Opcode 	ASM
0x0000	0x28B2      	GOTO       178
_____DoICP:
;__Lib_System.c,6 :: 		
;__Lib_System.c,9 :: 		
0x0003	0x1283      	BCF        STATUS, 5
0x0004	0x1303      	BCF        STATUS, 6
0x0005	0x0825      	MOVF       ___DoICPAddr+1, 0
0x0006	0x008A      	MOVWF      PCLATH
;__Lib_System.c,10 :: 		
0x0007	0x0824      	MOVF       ___DoICPAddr, 0
0x0008	0x0082      	MOVWF      PCL
;__Lib_System.c,12 :: 		
L_end_____DoICP:
0x0009	0x0008      	RETURN
; end of _____DoICP
_ATD_read_A0:
;projectemb.c,39 :: 		unsigned int ATD_read_A0(){
;projectemb.c,40 :: 		ADCON0= ADCON0 | 0x04;//go
0x000A	0x1283      	BCF        STATUS, 5
0x000B	0x1303      	BCF        STATUS, 6
0x000C	0x151F      	BSF        ADCON0, 2
;projectemb.c,41 :: 		while (ADCON0 & 0x04);
L_ATD_read_A04:
0x000D	0x1D1F      	BTFSS      ADCON0, 2
0x000E	0x2810      	GOTO       L_ATD_read_A05
0x000F	0x280D      	GOTO       L_ATD_read_A04
L_ATD_read_A05:
;projectemb.c,42 :: 		return ((ADRESH<<8) | ADRESL);
0x0010	0x081E      	MOVF       ADRESH, 0
0x0011	0x00F1      	MOVWF      R0+1
0x0012	0x01F0      	CLRF       R0
0x0013	0x1683      	BSF        STATUS, 5
0x0014	0x081E      	MOVF       ADRESL, 0
0x0015	0x04F0      	IORWF      R0, 1
0x0016	0x3000      	MOVLW      0
0x0017	0x04F1      	IORWF      R0+1, 1
;projectemb.c,43 :: 		}
L_end_ATD_read_A0:
0x0018	0x0008      	RETURN
; end of _ATD_read_A0
_initialize:
;projectemb.c,45 :: 		void initialize() {
;projectemb.c,47 :: 		TRISB = 0x0F;
0x0019	0x300F      	MOVLW      15
0x001A	0x1683      	BSF        STATUS, 5
0x001B	0x1303      	BCF        STATUS, 6
0x001C	0x0086      	MOVWF      TRISB
;projectemb.c,49 :: 		TRISA = 0xFF;
0x001D	0x30FF      	MOVLW      255
0x001E	0x0085      	MOVWF      TRISA
;projectemb.c,51 :: 		TRISD = 0b00000001;
0x001F	0x3001      	MOVLW      1
0x0020	0x0088      	MOVWF      TRISD
;projectemb.c,52 :: 		TRISD |= (1 << 1); // Set RD1 as output
0x0021	0x1488      	BSF        TRISD, 1
;projectemb.c,54 :: 		TRISC = 0b00000000;
0x0022	0x0187      	CLRF       TRISC
;projectemb.c,55 :: 		PORTD=0x00;
0x0023	0x1283      	BCF        STATUS, 5
0x0024	0x0188      	CLRF       PORTD
;projectemb.c,56 :: 		PORTC=0x00;
0x0025	0x0187      	CLRF       PORTC
;projectemb.c,62 :: 		ADCON0 = 0x01; // Turn on the ADC module
0x0026	0x3001      	MOVLW      1
0x0027	0x009F      	MOVWF      ADCON0
;projectemb.c,63 :: 		ADCON1 = 0x0E; // Configure RA0 as analog input
0x0028	0x300E      	MOVLW      14
0x0029	0x1683      	BSF        STATUS, 5
0x002A	0x009F      	MOVWF      ADCON1
;projectemb.c,64 :: 		}
L_end_initialize:
0x002B	0x0008      	RETURN
; end of _initialize
_stop_robot:
;projectemb.c,131 :: 		void stop_robot() {
;projectemb.c,133 :: 		PORTD=PORTD|0b00000000 ; // Rear right wheel stop
;projectemb.c,134 :: 		PORTD=PORTD|0b00000000 ; // Rear left wheel stop
;projectemb.c,135 :: 		PORTC=PORTC|0b00000000 ; // Front left wheel stop
;projectemb.c,136 :: 		PORTC=PORTC|0b00000000 ; // Front right wheel stop
;projectemb.c,137 :: 		}
L_end_stop_robot:
0x002C	0x0008      	RETURN
; end of _stop_robot
_ATD_init_A0:
;projectemb.c,35 :: 		void ATD_init_A0(){
;projectemb.c,36 :: 		ADCON0=0x41; //ATD ON,DONT GO.CHANNEL 0 , fosc/16
0x002D	0x3041      	MOVLW      65
0x002E	0x1283      	BCF        STATUS, 5
0x002F	0x1303      	BCF        STATUS, 6
0x0030	0x009F      	MOVWF      ADCON0
;projectemb.c,37 :: 		ADCON1=0xCE;
0x0031	0x30CE      	MOVLW      206
0x0032	0x1683      	BSF        STATUS, 5
0x0033	0x009F      	MOVWF      ADCON1
;projectemb.c,38 :: 		}
L_end_ATD_init_A0:
0x0034	0x0008      	RETURN
; end of _ATD_init_A0
___CC2DW:
;__Lib_System.c,134 :: 		
;__Lib_System.c,137 :: 		
_CC2D_Loop1:
;__Lib_System.c,139 :: 		
0x0035	0x2003      	CALL       _____DoICP
0x0036	0x118A      	BCF        PCLATH, 3
0x0037	0x120A      	BCF        PCLATH, 4
;__Lib_System.c,141 :: 		
0x0038	0x0080      	MOVWF      INDF
;__Lib_System.c,142 :: 		
0x0039	0x0A84      	INCF       FSR, 1
;__Lib_System.c,143 :: 		
0x003A	0x0AA4      	INCF       ___DoICPAddr, 1
;__Lib_System.c,145 :: 		
0x003B	0x1903      	BTFSC      STATUS, 2
;__Lib_System.c,146 :: 		
0x003C	0x0AA5      	INCF       ___DoICPAddr+1, 1
;__Lib_System.c,147 :: 		
0x003D	0x03F0      	DECF       R0, 1
;__Lib_System.c,149 :: 		
0x003E	0x1D03      	BTFSS      STATUS, 2
;__Lib_System.c,150 :: 		
0x003F	0x2835      	GOTO       _CC2D_Loop1
;__Lib_System.c,152 :: 		
L_end___CC2DW:
0x0040	0x0008      	RETURN
; end of ___CC2DW
_move_robot:
;projectemb.c,90 :: 		void move_robot() {
;projectemb.c,91 :: 		PORTD=0x00;
0x0041	0x1283      	BCF        STATUS, 5
0x0042	0x1303      	BCF        STATUS, 6
0x0043	0x0188      	CLRF       PORTD
;projectemb.c,92 :: 		PORTC=0x00;
0x0044	0x0187      	CLRF       PORTC
;projectemb.c,94 :: 		if (flame_position == 1) { // Front
0x0045	0x3000      	MOVLW      0
0x0046	0x0623      	XORWF      _flame_position+1, 0
0x0047	0x1D03      	BTFSS      STATUS, 2
0x0048	0x284B      	GOTO       L__move_robot37
0x0049	0x3001      	MOVLW      1
0x004A	0x0622      	XORWF      _flame_position, 0
L__move_robot37:
0x004B	0x1D03      	BTFSS      STATUS, 2
0x004C	0x2852      	GOTO       L_move_robot10
;projectemb.c,97 :: 		PORTD=PORTD | 0b00100000;
0x004D	0x1688      	BSF        PORTD, 5
;projectemb.c,98 :: 		PORTD=PORTD | 0b00000100;
0x004E	0x1508      	BSF        PORTD, 2
;projectemb.c,99 :: 		PORTC=PORTC | 0b00010000;
0x004F	0x1607      	BSF        PORTC, 4
;projectemb.c,100 :: 		PORTC=PORTC | 0b00100000;
0x0050	0x1687      	BSF        PORTC, 5
;projectemb.c,109 :: 		} else if (flame_position == 2) { // Left
0x0051	0x287B      	GOTO       L_move_robot11
L_move_robot10:
0x0052	0x3000      	MOVLW      0
0x0053	0x0623      	XORWF      _flame_position+1, 0
0x0054	0x1D03      	BTFSS      STATUS, 2
0x0055	0x2858      	GOTO       L__move_robot38
0x0056	0x3002      	MOVLW      2
0x0057	0x0622      	XORWF      _flame_position, 0
L__move_robot38:
0x0058	0x1D03      	BTFSS      STATUS, 2
0x0059	0x2860      	GOTO       L_move_robot12
;projectemb.c,111 :: 		while( !(PORTB & 0b00001000) ){
L_move_robot13:
0x005A	0x1986      	BTFSC      PORTB, 3
0x005B	0x285F      	GOTO       L_move_robot14
;projectemb.c,112 :: 		PORTD=PORTD | 0b00100000 ; // Rear right wheel forward
0x005C	0x1688      	BSF        PORTD, 5
;projectemb.c,113 :: 		PORTC=PORTC|0b00100000 ; // Front right wheel forward
0x005D	0x1687      	BSF        PORTC, 5
;projectemb.c,114 :: 		}
0x005E	0x285A      	GOTO       L_move_robot13
L_move_robot14:
;projectemb.c,115 :: 		} else if (flame_position == 3) { // Right
0x005F	0x287B      	GOTO       L_move_robot15
L_move_robot12:
0x0060	0x3000      	MOVLW      0
0x0061	0x0623      	XORWF      _flame_position+1, 0
0x0062	0x1D03      	BTFSS      STATUS, 2
0x0063	0x2866      	GOTO       L__move_robot39
0x0064	0x3003      	MOVLW      3
0x0065	0x0622      	XORWF      _flame_position, 0
L__move_robot39:
0x0066	0x1D03      	BTFSS      STATUS, 2
0x0067	0x286E      	GOTO       L_move_robot16
;projectemb.c,117 :: 		while( !(PORTB & 0b00001000) ){
L_move_robot17:
0x0068	0x1986      	BTFSC      PORTB, 3
0x0069	0x286D      	GOTO       L_move_robot18
;projectemb.c,118 :: 		PORTD=PORTD|0b00000100 ; // Rear left wheel forward
0x006A	0x1508      	BSF        PORTD, 2
;projectemb.c,119 :: 		PORTC=PORTC |0b00010000 ; // Front left wheel forward
0x006B	0x1607      	BSF        PORTC, 4
;projectemb.c,120 :: 		}
0x006C	0x2868      	GOTO       L_move_robot17
L_move_robot18:
;projectemb.c,121 :: 		} else if (flame_position == 4) { // Back
0x006D	0x287B      	GOTO       L_move_robot19
L_move_robot16:
0x006E	0x3000      	MOVLW      0
0x006F	0x0623      	XORWF      _flame_position+1, 0
0x0070	0x1D03      	BTFSS      STATUS, 2
0x0071	0x2874      	GOTO       L__move_robot40
0x0072	0x3004      	MOVLW      4
0x0073	0x0622      	XORWF      _flame_position, 0
L__move_robot40:
0x0074	0x1D03      	BTFSS      STATUS, 2
0x0075	0x287B      	GOTO       L_move_robot20
;projectemb.c,123 :: 		while( !(PORTB & 0b00001000) ){
L_move_robot21:
0x0076	0x1986      	BTFSC      PORTB, 3
0x0077	0x287B      	GOTO       L_move_robot22
;projectemb.c,124 :: 		PORTD=PORTD|0b00100000; // Rear right wheel forward
0x0078	0x1688      	BSF        PORTD, 5
;projectemb.c,125 :: 		PORTC=PORTC | 0b00100000 ; // Front right wheel forward
0x0079	0x1687      	BSF        PORTC, 5
;projectemb.c,126 :: 		}
0x007A	0x2876      	GOTO       L_move_robot21
L_move_robot22:
;projectemb.c,127 :: 		}
L_move_robot20:
L_move_robot19:
L_move_robot15:
L_move_robot11:
;projectemb.c,128 :: 		}
L_end_move_robot:
0x007B	0x0008      	RETURN
; end of _move_robot
_read_sensors:
;projectemb.c,67 :: 		void read_sensors() {
;projectemb.c,69 :: 		unsigned int analog_value = ATD_read_A0(); // Read from channel 0 (RA0)
0x007C	0x200A      	CALL       _ATD_read_A0
;projectemb.c,70 :: 		if (analog_value > 512) { // Assuming a threshold value of 512 for flame detection
0x007D	0x0871      	MOVF       R0+1, 0
0x007E	0x3C02      	SUBLW      2
0x007F	0x1D03      	BTFSS      STATUS, 2
0x0080	0x2883      	GOTO       L__read_sensors35
0x0081	0x0870      	MOVF       R0, 0
0x0082	0x3C00      	SUBLW      0
L__read_sensors35:
0x0083	0x1803      	BTFSC      STATUS, 0
0x0084	0x288E      	GOTO       L_read_sensors6
;projectemb.c,71 :: 		flame_detected = 1;
0x0085	0x3001      	MOVLW      1
0x0086	0x1283      	BCF        STATUS, 5
0x0087	0x00A0      	MOVWF      _flame_detected
0x0088	0x3000      	MOVLW      0
0x0089	0x00A1      	MOVWF      _flame_detected+1
;projectemb.c,72 :: 		flame_position = 1; // Front
0x008A	0x3001      	MOVLW      1
0x008B	0x00A2      	MOVWF      _flame_position
0x008C	0x3000      	MOVLW      0
0x008D	0x00A3      	MOVWF      _flame_position+1
;projectemb.c,73 :: 		}
L_read_sensors6:
0x008E	0x1283      	BCF        STATUS, 5
;projectemb.c,75 :: 		if (PORTB & 0b00000100) {
0x008F	0x1D06      	BTFSS      PORTB, 2
0x0090	0x2899      	GOTO       L_read_sensors7
;projectemb.c,76 :: 		flame_detected = 1;
0x0091	0x3001      	MOVLW      1
0x0092	0x00A0      	MOVWF      _flame_detected
0x0093	0x3000      	MOVLW      0
0x0094	0x00A1      	MOVWF      _flame_detected+1
;projectemb.c,77 :: 		flame_position = 2; // Left
0x0095	0x3002      	MOVLW      2
0x0096	0x00A2      	MOVWF      _flame_position
0x0097	0x3000      	MOVLW      0
0x0098	0x00A3      	MOVWF      _flame_position+1
;projectemb.c,78 :: 		}
L_read_sensors7:
;projectemb.c,79 :: 		if (PORTB & 0b00000010) {
0x0099	0x1C86      	BTFSS      PORTB, 1
0x009A	0x28A3      	GOTO       L_read_sensors8
;projectemb.c,80 :: 		flame_detected = 1;
0x009B	0x3001      	MOVLW      1
0x009C	0x00A0      	MOVWF      _flame_detected
0x009D	0x3000      	MOVLW      0
0x009E	0x00A1      	MOVWF      _flame_detected+1
;projectemb.c,81 :: 		flame_position = 3; // Right
0x009F	0x3003      	MOVLW      3
0x00A0	0x00A2      	MOVWF      _flame_position
0x00A1	0x3000      	MOVLW      0
0x00A2	0x00A3      	MOVWF      _flame_position+1
;projectemb.c,82 :: 		}
L_read_sensors8:
;projectemb.c,83 :: 		if (PORTB & 0b00000001) {
0x00A3	0x1C06      	BTFSS      PORTB, 0
0x00A4	0x28AD      	GOTO       L_read_sensors9
;projectemb.c,84 :: 		flame_detected = 1;
0x00A5	0x3001      	MOVLW      1
0x00A6	0x00A0      	MOVWF      _flame_detected
0x00A7	0x3000      	MOVLW      0
0x00A8	0x00A1      	MOVWF      _flame_detected+1
;projectemb.c,85 :: 		flame_position = 4; // Back
0x00A9	0x3004      	MOVLW      4
0x00AA	0x00A2      	MOVWF      _flame_position
0x00AB	0x3000      	MOVLW      0
0x00AC	0x00A3      	MOVWF      _flame_position+1
;projectemb.c,86 :: 		}
L_read_sensors9:
;projectemb.c,87 :: 		}
L_end_read_sensors:
0x00AD	0x0008      	RETURN
; end of _read_sensors
_activate_water_pump:
;projectemb.c,140 :: 		void activate_water_pump() {
;projectemb.c,142 :: 		PORTC=PORTC|0b00000001;
0x00AE	0x1283      	BCF        STATUS, 5
0x00AF	0x1303      	BCF        STATUS, 6
0x00B0	0x1407      	BSF        PORTC, 0
;projectemb.c,143 :: 		}
L_end_activate_water_pump:
0x00B1	0x0008      	RETURN
; end of _activate_water_pump
_main:
0x00B2	0x1283      	BCF        STATUS, 5
0x00B3	0x1303      	BCF        STATUS, 6
0x00B4	0x01A0      	CLRF       _flame_detected
0x00B5	0x01A1      	CLRF       33
0x00B6	0x01A2      	CLRF       _flame_position
0x00B7	0x01A3      	CLRF       35
;projectemb.c,19 :: 		void main() {
;projectemb.c,20 :: 		initialize();
0x00B8	0x2019      	CALL       _initialize
;projectemb.c,21 :: 		ATD_init_A0();
0x00B9	0x202D      	CALL       _ATD_init_A0
;projectemb.c,22 :: 		while (1) {
L_main0:
;projectemb.c,23 :: 		read_sensors();
0x00BA	0x207C      	CALL       _read_sensors
;projectemb.c,24 :: 		if (flame_detected==1) {
0x00BB	0x3000      	MOVLW      0
0x00BC	0x0621      	XORWF      _flame_detected+1, 0
0x00BD	0x1D03      	BTFSS      STATUS, 2
0x00BE	0x28C1      	GOTO       L__main29
0x00BF	0x3001      	MOVLW      1
0x00C0	0x0620      	XORWF      _flame_detected, 0
L__main29:
0x00C1	0x1D03      	BTFSS      STATUS, 2
0x00C2	0x28D0      	GOTO       L_main2
;projectemb.c,25 :: 		move_robot();
0x00C3	0x2041      	CALL       _move_robot
;projectemb.c,27 :: 		if(flame_detected==0) {
0x00C4	0x3000      	MOVLW      0
0x00C5	0x0621      	XORWF      _flame_detected+1, 0
0x00C6	0x1D03      	BTFSS      STATUS, 2
0x00C7	0x28CA      	GOTO       L__main30
0x00C8	0x3000      	MOVLW      0
0x00C9	0x0620      	XORWF      _flame_detected, 0
L__main30:
0x00CA	0x1D03      	BTFSS      STATUS, 2
0x00CB	0x28CE      	GOTO       L_main3
;projectemb.c,28 :: 		stop_robot();
0x00CC	0x202C      	CALL       _stop_robot
;projectemb.c,29 :: 		activate_water_pump();
0x00CD	0x20AE      	CALL       _activate_water_pump
;projectemb.c,30 :: 		}
L_main3:
;projectemb.c,31 :: 		flame_detected = 0; // Reset flame detected flag
0x00CE	0x01A0      	CLRF       _flame_detected
0x00CF	0x01A1      	CLRF       _flame_detected+1
;projectemb.c,32 :: 		}
L_main2:
;projectemb.c,33 :: 		}
0x00D0	0x28BA      	GOTO       L_main0
;projectemb.c,34 :: 		}
L_end_main:
0x00D1	0x28D1      	GOTO       $+0
; end of _main
Symbol List:
//** Routines locations **
//ADDRESS    SIZE    PROCEDURE
//----------------------------------------------
0x0003       [7]    _____DoICP
0x000A      [15]    _ATD_read_A0
0x0019      [19]    _initialize
0x002C       [1]    _stop_robot
0x002D       [8]    _ATD_init_A0
0x0035      [12]    ___CC2DW
0x0041      [59]    _move_robot
0x007C      [50]    _read_sensors
0x00AE       [4]    _activate_water_pump
0x00B2      [32]    _main
//** Variables locations ** 
//ADDRESS    SIZE    VARIABLE
//----------------------------------------------
0x0000       [1]    INDF
0x0002       [1]    PCL
0x0003       [1]    STATUS
0x0004       [1]    FSR
0x0006       [1]    PORTB
0x0007       [1]    PORTC
0x0008       [1]    PORTD
0x000A       [1]    PCLATH
0x001E       [1]    ADRESH
0x001F       [1]    ADCON0
0x0020       [2]    _flame_detected
0x0022       [2]    _flame_position
0x0024       [2]    ___DoICPAddr
0x0070       [1]    R0
0x0071       [1]    R1
0x0072       [1]    R2
0x0073       [1]    R3
0x0074       [1]    R4
0x0075       [1]    R5
0x0076       [1]    R6
0x0077       [1]    R7
0x0078       [1]    R8
0x0079       [1]    R9
0x007A       [1]    R10
0x007B       [1]    R11
0x007C       [1]    R12
0x007D       [1]    R13
0x007E       [1]    R14
0x007F       [1]    R15
0x0085       [1]    TRISA
0x0086       [1]    TRISB
0x0087       [1]    TRISC
0x0088       [1]    TRISD
0x009E       [1]    ADRESL
0x009F       [1]    ADCON1
